0 info it worked if it ends with ok
1 verbose cli [ 'C:\\Program Files\\nodejs\\node.exe',
1 verbose cli   'C:\\Program Files\\nodejs\\node_modules\\npm\\bin\\npm-cli.js',
1 verbose cli   'run',
1 verbose cli   'ng',
1 verbose cli   'serve' ]
2 info using npm@3.10.10
3 info using node@v6.9.5
4 verbose run-script [ 'preng', 'ng', 'postng' ]
5 info lifecycle movies@0.0.0~preng: movies@0.0.0
6 silly lifecycle movies@0.0.0~preng: no script for preng, continuing
7 info lifecycle movies@0.0.0~ng: movies@0.0.0
8 verbose lifecycle movies@0.0.0~ng: unsafe-perm in lifecycle true
9 verbose lifecycle movies@0.0.0~ng: PATH: C:\Program Files\nodejs\node_modules\npm\bin\node-gyp-bin;D:\Desarrollo\Angular\MoviesFront\node_modules\.bin;C:\ProgramData\Oracle\Java\javapath;C:\Program Files\Java\jdk1.8.0_101\bin;C:\Program Files (x86)\Intel\iCLS Client\;C:\Program Files\Intel\iCLS Client\;C:\Windows\system32;C:\Windows;C:\Windows\System32\Wbem;C:\Windows\System32\WindowsPowerShell\v1.0\;C:\Program Files\Intel\Intel(R) Management Engine Components\DAL;C:\Program Files (x86)\Intel\Intel(R) Management Engine Components\DAL;C:\Program Files\Intel\Intel(R) Management Engine Components\IPT;C:\Program Files (x86)\Intel\Intel(R) Management Engine Components\IPT;C:\Program Files (x86)\Common Files\lenovo\easyplussdk\bin;C:\Program Files\TortoiseSVN\bin;C:\Program Files\SourceGear\Common\DiffMerge\;C:\MicroFocus\Bin\;C:\Program Files\Git\cmd;C:\Program Files\nodejs\;C:\Program Files (x86)\OpenVPN\bin;C:\xampp\php7;C:\ProgramData\ComposerSetup\bin;C:\HashiCorp\Vagrant\bin;C:\Windows\system32\config\systemprofile\.dnx\bin;C:\Program Files\Microsoft DNX\Dnvm\;C:\Program Files\Microsoft SQL Server\130\Tools\Binn\;C:\Program Files (x86)\Microsoft SQL Server\Client SDK\ODBC\110\Tools\Binn\;C:\Program Files (x86)\Microsoft SQL Server\120\Tools\Binn\;C:\Program Files (x86)\Microsoft SQL Server\120\DTS\Binn\;C:\Program Files (x86)\Microsoft SQL Server\Client SDK\ODBC\130\Tools\Binn\;C:\Program Files (x86)\Microsoft SQL Server\140\Tools\Binn\;C:\Program Files (x86)\Microsoft SQL Server\140\DTS\Binn\;C:\Program Files (x86)\Microsoft SQL Server\140\Tools\Binn\ManagementStudio\;C:\Users\AdministradorIM\AppData\Roaming\npm;C:\Users\AdministradorIM\AppData\Roaming\Composer\vendor\bin
10 verbose lifecycle movies@0.0.0~ng: CWD: D:\Desarrollo\Angular\MoviesFront
11 silly lifecycle movies@0.0.0~ng: Args: [ '/d /s /c', 'ng "serve"' ]
12 silly lifecycle movies@0.0.0~ng: Returned: code: 3  signal: null
13 info lifecycle movies@0.0.0~ng: Failed to exec ng script
14 verbose stack Error: movies@0.0.0 ng: `ng "serve"`
14 verbose stack Exit status 3
14 verbose stack     at EventEmitter.<anonymous> (C:\Program Files\nodejs\node_modules\npm\lib\utils\lifecycle.js:255:16)
14 verbose stack     at emitTwo (events.js:106:13)
14 verbose stack     at EventEmitter.emit (events.js:191:7)
14 verbose stack     at ChildProcess.<anonymous> (C:\Program Files\nodejs\node_modules\npm\lib\utils\spawn.js:40:14)
14 verbose stack     at emitTwo (events.js:106:13)
14 verbose stack     at ChildProcess.emit (events.js:191:7)
14 verbose stack     at maybeClose (internal/child_process.js:877:16)
14 verbose stack     at Process.ChildProcess._handle.onexit (internal/child_process.js:226:5)
15 verbose pkgid movies@0.0.0
16 verbose cwd D:\Desarrollo\Angular\MoviesFront
17 error Windows_NT 6.1.7601
18 error argv "C:\\Program Files\\nodejs\\node.exe" "C:\\Program Files\\nodejs\\node_modules\\npm\\bin\\npm-cli.js" "run" "ng" "serve"
19 error node v6.9.5
20 error npm  v3.10.10
21 error code ELIFECYCLE
22 error movies@0.0.0 ng: `ng "serve"`
22 error Exit status 3
23 error Failed at the movies@0.0.0 ng script 'ng "serve"'.
23 error Make sure you have the latest version of node.js and npm installed.
23 error If you do, this is most likely a problem with the movies package,
23 error not with npm itself.
23 error Tell the author that this fails on your system:
23 error     ng "serve"
23 error You can get information on how to open an issue for this project with:
23 error     npm bugs movies
23 error Or if that isn't available, you can get their info via:
23 error     npm owner ls movies
23 error There is likely additional logging output above.
24 verbose exit [ 1, true ]
